{"/Users/rivierefougy/Dev/cdg-identification/tests/example/example.js": {"path":"/Users/rivierefougy/Dev/cdg-identification/tests/example/example.js","statementMap":{"0":{"start":{"line":2,"column":2},"end":{"line":2,"column":15}}},"fnMap":{"0":{"name":"example","decl":{"start":{"line":1,"column":9},"end":{"line":1,"column":16}},"loc":{"start":{"line":1,"column":23},"end":{"line":3,"column":1}},"line":1}},"branchMap":{},"s":{"0":1},"f":{"0":1},"b":{},"_coverageSchema":"1a1c01bbd47fc00a2c39e90264f33305004495a9","hash":"1325cdb67da760c8f5ec4eb7362e497315dcecc8"}
}
